2020-01-20 16:49:13.130 [main] ERROR com.cgb.bcpinstall.biz.InitializeBiz - 初始化发生异常
org.yaml.snakeyaml.constructor.ConstructorException: Cannot create property=backendWebsocketPortConfig for JavaBean=com.cgb.bcpinstall.common.entity.init.InitConfigEntity@7bb4ed71
 in 'reader', line 2, column 1:
    network: bankunion
    ^
No single argument constructor found for interface java.util.Map : null
 in 'reader', line 26, column 3:
      backend.bcp.com： 9191
      ^

	at org.yaml.snakeyaml.constructor.Constructor$ConstructMapping.constructJavaBean2ndStep(Constructor.java:270)
	at org.yaml.snakeyaml.constructor.Constructor$ConstructMapping.construct(Constructor.java:149)
	at org.yaml.snakeyaml.constructor.Constructor$ConstructYamlObject.construct(Constructor.java:309)
	at org.yaml.snakeyaml.constructor.BaseConstructor.constructObjectNoCheck(BaseConstructor.java:216)
	at org.yaml.snakeyaml.constructor.BaseConstructor.constructObject(BaseConstructor.java:205)
	at org.yaml.snakeyaml.constructor.BaseConstructor.constructDocument(BaseConstructor.java:164)
	at org.yaml.snakeyaml.constructor.BaseConstructor.getSingleData(BaseConstructor.java:148)
	at org.yaml.snakeyaml.Yaml.loadFromReader(Yaml.java:525)
	at org.yaml.snakeyaml.Yaml.loadAs(Yaml.java:519)
	at com.cgb.bcpinstall.biz.InitializeBiz.parseConfigFile(InitializeBiz.java:105)
	at com.cgb.bcpinstall.biz.InitializeBiz.initialize(InitializeBiz.java:52)
	at InitTest.testInit(InitTest.java:34)
	at sun.reflect.NativeMethodAccessorImpl.invoke0(Native Method)
	at sun.reflect.NativeMethodAccessorImpl.invoke(NativeMethodAccessorImpl.java:62)
	at sun.reflect.DelegatingMethodAccessorImpl.invoke(DelegatingMethodAccessorImpl.java:43)
	at java.lang.reflect.Method.invoke(Method.java:498)
	at org.junit.runners.model.FrameworkMethod$1.runReflectiveCall(FrameworkMethod.java:50)
	at org.junit.internal.runners.model.ReflectiveCallable.run(ReflectiveCallable.java:12)
	at org.junit.runners.model.FrameworkMethod.invokeExplosively(FrameworkMethod.java:47)
	at org.junit.internal.runners.statements.InvokeMethod.evaluate(InvokeMethod.java:17)
	at org.springframework.test.context.junit4.statements.RunBeforeTestExecutionCallbacks.evaluate(RunBeforeTestExecutionCallbacks.java:74)
	at org.springframework.test.context.junit4.statements.RunAfterTestExecutionCallbacks.evaluate(RunAfterTestExecutionCallbacks.java:84)
	at org.springframework.test.context.junit4.statements.RunBeforeTestMethodCallbacks.evaluate(RunBeforeTestMethodCallbacks.java:75)
	at org.springframework.test.context.junit4.statements.RunAfterTestMethodCallbacks.evaluate(RunAfterTestMethodCallbacks.java:86)
	at org.springframework.test.context.junit4.statements.SpringRepeat.evaluate(SpringRepeat.java:84)
	at org.junit.runners.ParentRunner.runLeaf(ParentRunner.java:325)
	at org.springframework.test.context.junit4.SpringJUnit4ClassRunner.runChild(SpringJUnit4ClassRunner.java:251)
	at org.springframework.test.context.junit4.SpringJUnit4ClassRunner.runChild(SpringJUnit4ClassRunner.java:97)
	at org.junit.runners.ParentRunner$3.run(ParentRunner.java:290)
	at org.junit.runners.ParentRunner$1.schedule(ParentRunner.java:71)
	at org.junit.runners.ParentRunner.runChildren(ParentRunner.java:288)
	at org.junit.runners.ParentRunner.access$000(ParentRunner.java:58)
	at org.junit.runners.ParentRunner$2.evaluate(ParentRunner.java:268)
	at org.springframework.test.context.junit4.statements.RunBeforeTestClassCallbacks.evaluate(RunBeforeTestClassCallbacks.java:61)
	at org.springframework.test.context.junit4.statements.RunAfterTestClassCallbacks.evaluate(RunAfterTestClassCallbacks.java:70)
	at org.junit.runners.ParentRunner.run(ParentRunner.java:363)
	at org.springframework.test.context.junit4.SpringJUnit4ClassRunner.run(SpringJUnit4ClassRunner.java:190)
	at org.junit.runner.JUnitCore.run(JUnitCore.java:137)
	at com.intellij.junit4.JUnit4IdeaTestRunner.startRunnerWithArgs(JUnit4IdeaTestRunner.java:68)
	at com.intellij.rt.junit.IdeaTestRunner$Repeater.startRunnerWithArgs(IdeaTestRunner.java:33)
	at com.intellij.rt.junit.JUnitStarter.prepareStreamsAndStart(JUnitStarter.java:230)
	at com.intellij.rt.junit.JUnitStarter.main(JUnitStarter.java:58)
Caused by: org.yaml.snakeyaml.error.YAMLException: No single argument constructor found for interface java.util.Map : null
	at org.yaml.snakeyaml.constructor.Constructor$ConstructScalar.construct(Constructor.java:371)
	at org.yaml.snakeyaml.constructor.BaseConstructor.constructObjectNoCheck(BaseConstructor.java:216)
	at org.yaml.snakeyaml.constructor.BaseConstructor.constructObject(BaseConstructor.java:205)
	at org.yaml.snakeyaml.constructor.Constructor$ConstructMapping.constructJavaBean2ndStep(Constructor.java:247)
	... 41 common frames omitted
2020-01-20 16:53:51.246 [main] ERROR com.cgb.bcpinstall.biz.InitializeBiz - 初始化发生异常
org.yaml.snakeyaml.constructor.ConstructorException: Cannot create property=backendWebsocketPortConfig for JavaBean=com.cgb.bcpinstall.common.entity.init.InitConfigEntity@40f1aa95
 in 'reader', line 2, column 1:
    network: bankunion
    ^
No single argument constructor found for interface java.util.Map : null
 in 'reader', line 26, column 3:
      backend.bcp.com： 9191
      ^

	at org.yaml.snakeyaml.constructor.Constructor$ConstructMapping.constructJavaBean2ndStep(Constructor.java:270)
	at org.yaml.snakeyaml.constructor.Constructor$ConstructMapping.construct(Constructor.java:149)
	at org.yaml.snakeyaml.constructor.Constructor$ConstructYamlObject.construct(Constructor.java:309)
	at org.yaml.snakeyaml.constructor.BaseConstructor.constructObjectNoCheck(BaseConstructor.java:216)
	at org.yaml.snakeyaml.constructor.BaseConstructor.constructObject(BaseConstructor.java:205)
	at org.yaml.snakeyaml.constructor.BaseConstructor.constructDocument(BaseConstructor.java:164)
	at org.yaml.snakeyaml.constructor.BaseConstructor.getSingleData(BaseConstructor.java:148)
	at org.yaml.snakeyaml.Yaml.loadFromReader(Yaml.java:525)
	at org.yaml.snakeyaml.Yaml.loadAs(Yaml.java:519)
	at com.cgb.bcpinstall.biz.InitializeBiz.parseConfigFile(InitializeBiz.java:105)
	at com.cgb.bcpinstall.biz.InitializeBiz.initialize(InitializeBiz.java:52)
	at InitTest.testInit(InitTest.java:34)
	at sun.reflect.NativeMethodAccessorImpl.invoke0(Native Method)
	at sun.reflect.NativeMethodAccessorImpl.invoke(NativeMethodAccessorImpl.java:62)
	at sun.reflect.DelegatingMethodAccessorImpl.invoke(DelegatingMethodAccessorImpl.java:43)
	at java.lang.reflect.Method.invoke(Method.java:498)
	at org.junit.runners.model.FrameworkMethod$1.runReflectiveCall(FrameworkMethod.java:50)
	at org.junit.internal.runners.model.ReflectiveCallable.run(ReflectiveCallable.java:12)
	at org.junit.runners.model.FrameworkMethod.invokeExplosively(FrameworkMethod.java:47)
	at org.junit.internal.runners.statements.InvokeMethod.evaluate(InvokeMethod.java:17)
	at org.springframework.test.context.junit4.statements.RunBeforeTestExecutionCallbacks.evaluate(RunBeforeTestExecutionCallbacks.java:74)
	at org.springframework.test.context.junit4.statements.RunAfterTestExecutionCallbacks.evaluate(RunAfterTestExecutionCallbacks.java:84)
	at org.springframework.test.context.junit4.statements.RunBeforeTestMethodCallbacks.evaluate(RunBeforeTestMethodCallbacks.java:75)
	at org.springframework.test.context.junit4.statements.RunAfterTestMethodCallbacks.evaluate(RunAfterTestMethodCallbacks.java:86)
	at org.springframework.test.context.junit4.statements.SpringRepeat.evaluate(SpringRepeat.java:84)
	at org.junit.runners.ParentRunner.runLeaf(ParentRunner.java:325)
	at org.springframework.test.context.junit4.SpringJUnit4ClassRunner.runChild(SpringJUnit4ClassRunner.java:251)
	at org.springframework.test.context.junit4.SpringJUnit4ClassRunner.runChild(SpringJUnit4ClassRunner.java:97)
	at org.junit.runners.ParentRunner$3.run(ParentRunner.java:290)
	at org.junit.runners.ParentRunner$1.schedule(ParentRunner.java:71)
	at org.junit.runners.ParentRunner.runChildren(ParentRunner.java:288)
	at org.junit.runners.ParentRunner.access$000(ParentRunner.java:58)
	at org.junit.runners.ParentRunner$2.evaluate(ParentRunner.java:268)
	at org.springframework.test.context.junit4.statements.RunBeforeTestClassCallbacks.evaluate(RunBeforeTestClassCallbacks.java:61)
	at org.springframework.test.context.junit4.statements.RunAfterTestClassCallbacks.evaluate(RunAfterTestClassCallbacks.java:70)
	at org.junit.runners.ParentRunner.run(ParentRunner.java:363)
	at org.springframework.test.context.junit4.SpringJUnit4ClassRunner.run(SpringJUnit4ClassRunner.java:190)
	at org.junit.runner.JUnitCore.run(JUnitCore.java:137)
	at com.intellij.junit4.JUnit4IdeaTestRunner.startRunnerWithArgs(JUnit4IdeaTestRunner.java:68)
	at com.intellij.rt.junit.IdeaTestRunner$Repeater.startRunnerWithArgs(IdeaTestRunner.java:33)
	at com.intellij.rt.junit.JUnitStarter.prepareStreamsAndStart(JUnitStarter.java:230)
	at com.intellij.rt.junit.JUnitStarter.main(JUnitStarter.java:58)
Caused by: org.yaml.snakeyaml.error.YAMLException: No single argument constructor found for interface java.util.Map : null
	at org.yaml.snakeyaml.constructor.Constructor$ConstructScalar.construct(Constructor.java:371)
	at org.yaml.snakeyaml.constructor.BaseConstructor.constructObjectNoCheck(BaseConstructor.java:216)
	at org.yaml.snakeyaml.constructor.BaseConstructor.constructObject(BaseConstructor.java:205)
	at org.yaml.snakeyaml.constructor.Constructor$ConstructMapping.constructJavaBean2ndStep(Constructor.java:247)
	... 41 common frames omitted
2020-01-20 16:56:34.273 [main] ERROR com.cgb.bcpinstall.biz.helper.Initializer - 创建证书失败
2020-01-20 16:59:58.810 [main] ERROR com.cgb.bcpinstall.biz.helper.Initializer - 创建证书失败
2020-01-20 17:01:33.906 [main] ERROR com.cgb.bcpinstall.biz.helper.Initializer - 创建证书失败
2020-01-20 17:10:59.535 [main] ERROR com.cgb.bcpinstall.biz.helper.Initializer - 创建证书失败
2020-01-20 17:29:51.311 [main] ERROR com.cgb.bcpinstall.biz.helper.Initializer - 创建证书失败
